<?xml version="1.0" encoding="UTF-8" standalone="no"?>
<test-results xmlns:xsi="http://www.w3.org/2001/XMLSchema-instance" xsi:noNamespaceSchemaLocation="https://raw.githubusercontent.com/nunit/nunit/master/src/NUnitFramework/nunit.xsd" name="EQ12 Pester Test Results" total="4" errors="0" failures="3" not-run="0" inconclusive="0" ignored="0" skipped="0" invalid="0" date="2025-10-05" time="12:00:00">
  <environment clr-version="4.0.30319.42000" user-domain="DESKTOP-2T2F2PJ" cwd="C:\Users\Ricoj100" platform="Microsoft Windows 11 Pro|C:\WINDOWS|\Device\Harddisk0\Partition4" machine-name="DESKTOP-2T2F2PJ" nunit-version="2.5.8.0" os-version="10.0.26100" user="Ricoj100" />
  <culture-info current-culture="en-US" current-uiculture="en-US" />
  <test-suite type="TestFixture" name="Pester" executed="True" result="Failure" success="False" time="1.0722" asserts="0" description="Pester">
    <results>
      <test-suite type="TestFixture" name="C:\EQ12\tests\pester\test_firefox_bookmarks.Tests.ps1" executed="True" result="Failure" success="False" time="0.8606" asserts="0" description="C:\EQ12\tests\pester\test_firefox_bookmarks.Tests.ps1">
        <results>
          <test-suite type="TestFixture" name="EQ12 Firefox Bookmarks" executed="True" result="Failure" success="False" time="0.2254" asserts="0" description="EQ12 Firefox Bookmarks">
            <results>
              <test-case description="Should have the bookmarks.json file present in configs" name="EQ12 Firefox Bookmarks.Should have the bookmarks.json file present in configs" time="0.0974" asserts="0" success="True" result="Success" executed="True" />
              <test-case description="Running the PowerShell helper in dry-run should not throw" name="EQ12 Firefox Bookmarks.Running the PowerShell helper in dry-run should not throw" time="0.0749" asserts="0" success="False" result="Failure" executed="True">
                <failure>
                  <message>ParameterBindingValidationException: Cannot bind argument to parameter 'Path' because it is an empty string.</message>
                  <stack-trace>at &lt;ScriptBlock&gt;, C:\EQ12\tests\pester\test_firefox_bookmarks.Tests.ps1:11</stack-trace>
                </failure>
              </test-case>
            </results>
          </test-suite>
        </results>
      </test-suite>
      <test-suite type="TestFixture" name="C:\EQ12\tests\pester\test_ngrok_tunnel.Tests.ps1" executed="True" result="Failure" success="False" time="0.2116" asserts="0" description="C:\EQ12\tests\pester\test_ngrok_tunnel.Tests.ps1">
        <results>
          <test-suite type="TestFixture" name="Start-EQ12Tunnel" executed="True" result="Failure" success="False" time="0.1038" asserts="0" description="Start-EQ12Tunnel">
            <results>
              <test-case description="DryRun should not attempt to start ngrok and should output the command" name="Start-EQ12Tunnel.DryRun should not attempt to start ngrok and should output the command" time="0.0265" asserts="0" success="False" result="Failure" executed="True">
                <failure>
                  <message>ParameterBindingValidationException: Cannot bind argument to parameter 'Path' because it is an empty string.</message>
                  <stack-trace>at &lt;ScriptBlock&gt;, C:\EQ12\tests\pester\test_ngrok_tunnel.Tests.ps1:6</stack-trace>
                </failure>
              </test-case>
              <test-case description="Get-EQ12TunnelStatus should not error when log missing" name="Start-EQ12Tunnel.Get-EQ12TunnelStatus should not error when log missing" time="0.0697" asserts="0" success="False" result="Failure" executed="True">
                <failure>
                  <message>Expected no exception to be thrown, but an exception "The term 'Get-EQ12TunnelStatus' is not recognized as the name of a cmdlet, function, script file, or operable program. Check the spelling of the name, or if a path was included, verify that the path is correct and try again." was thrown from C:\EQ12\tests\pester\test_ngrok_tunnel.Tests.ps1:13 char:11
    +         { Get-EQ12TunnelStatus } | Should -Not -Throw
    +           ~~~~~~~~~~~~~~~~~~~~.</message>
                  <stack-trace>at { Get-EQ12TunnelStatus } | Should -Not -Throw, C:\EQ12\tests\pester\test_ngrok_tunnel.Tests.ps1:13
at &lt;ScriptBlock&gt;, C:\EQ12\tests\pester\test_ngrok_tunnel.Tests.ps1:13</stack-trace>
                </failure>
              </test-case>
            </results>
          </test-suite>
        </results>
      </test-suite>
    </results>
  </test-suite>
</test-results>
