<?xml version="1.0" encoding="utf-8" standalone="no"?>
<test-results xmlns:xsi="http://www.w3.org/2001/XMLSchema-instance" xsi:noNamespaceSchemaLocation="nunit_schema_2.5.xsd" name="Pester" total="2" errors="0" failures="0" not-run="0" inconclusive="0" ignored="0" skipped="0" invalid="0" date="2025-09-21" time="00:49:28">
  <environment clr-version="4.0.30319.42000" user-domain="DESKTOP-2T2F2PJ" cwd="C:\Users\Ricoj100" platform="Microsoft Windows 11 Pro|C:\WINDOWS|\Device\Harddisk0\Partition4" machine-name="DESKTOP-2T2F2PJ" nunit-version="2.5.8.0" os-version="10.0.26100" user="Ricoj100" />
  <culture-info current-culture="en-US" current-uiculture="en-US" />
  <test-suite type="TestFixture" name="Pester" executed="True" result="Success" success="True" time="1.0324" asserts="0" description="Pester">
    <results>
      <test-suite type="TestFixture" name="C:\EQ12\tests\pester\Test-EQ12Macros.Tests.ps1" executed="True" result="Success" success="True" time="1.0324" asserts="0" description="C:\EQ12\tests\pester\Test-EQ12Macros.Tests.ps1">
        <results>
          <test-suite type="TestFixture" name="EQ12 Macros" executed="True" result="Success" success="True" time="0.3553" asserts="0" description="EQ12 Macros">
            <results>
              <test-case description="should have the EQ12Macros.xml file" name="EQ12 Macros.should have the EQ12Macros.xml file" time="0.1587" asserts="0" success="True" result="Success" executed="True" />
              <test-case description="should contain required macros" name="EQ12 Macros.should contain required macros" time="0.1421" asserts="0" success="True" result="Success" executed="True" />
            </results>
          </test-suite>
        </results>
      </test-suite>
    </results>
  </test-suite>
</test-results>